[2023-11-24T14:57:32.736+0000] {taskinstance.py:1159} INFO - Dependencies all met for dep_context=non-requeueable deps ti=<TaskInstance: Projet1.create_table manual__2023-11-24T14:57:29.125006+00:00 [queued]>
[2023-11-24T14:57:32.747+0000] {taskinstance.py:1159} INFO - Dependencies all met for dep_context=requeueable deps ti=<TaskInstance: Projet1.create_table manual__2023-11-24T14:57:29.125006+00:00 [queued]>
[2023-11-24T14:57:32.747+0000] {taskinstance.py:1361} INFO - Starting attempt 1 of 2
[2023-11-24T14:57:32.763+0000] {taskinstance.py:1382} INFO - Executing <Task(PostgresOperator): create_table> on 2023-11-24 14:57:29.125006+00:00
[2023-11-24T14:57:32.770+0000] {standard_task_runner.py:57} INFO - Started process 198 to run task
[2023-11-24T14:57:32.774+0000] {standard_task_runner.py:84} INFO - Running: ['***', 'tasks', 'run', 'Projet1', 'create_table', 'manual__2023-11-24T14:57:29.125006+00:00', '--job-id', '909', '--raw', '--subdir', 'DAGS_FOLDER/Projet.py', '--cfg-path', '/tmp/tmpx914053g']
[2023-11-24T14:57:32.776+0000] {standard_task_runner.py:85} INFO - Job 909: Subtask create_table
[2023-11-24T14:57:32.827+0000] {task_command.py:416} INFO - Running <TaskInstance: Projet1.create_table manual__2023-11-24T14:57:29.125006+00:00 [running]> on host b36ebcee5948
[2023-11-24T14:57:32.916+0000] {taskinstance.py:1662} INFO - Exporting env vars: AIRFLOW_CTX_DAG_EMAIL='filali.dia18@gmail.com' AIRFLOW_CTX_DAG_OWNER='***' AIRFLOW_CTX_DAG_ID='Projet1' AIRFLOW_CTX_TASK_ID='create_table' AIRFLOW_CTX_EXECUTION_DATE='2023-11-24T14:57:29.125006+00:00' AIRFLOW_CTX_TRY_NUMBER='1' AIRFLOW_CTX_DAG_RUN_ID='manual__2023-11-24T14:57:29.125006+00:00'
[2023-11-24T14:57:32.919+0000] {sql.py:274} INFO - Executing: - Suppression des tables s'ils existent
DROP TABLE IF EXISTS "Urgences";
DROP TABLE IF EXISTS "Ages";
DROP TABLE IF EXISTS "Departements";


-- Création des tables


CREATE TABLE "Departements"
(
   num_dep integer PRIMARY KEY,
   dep_name VARCHAR(255),
   region_name VARCHAR(255)
);


CREATE TABLE "Ages"
(
   Code_age integer PRIMARY KEY,
   Agess VARCHAR(255)
);


CREATE TABLE "Urgences"
(
   dep integer,
   date_de_passage date ,
   sursaud_cl_age_corona integer ,
   nbre_pass_corona FLOAT,
   nbre_pass_tot FLOAT,
   nbre_hospit_corona FLOAT,
   nbre_pass_corona_h FLOAT,
   nbre_pass_corona_f FLOAT,
   nbre_pass_tot_h FLOAT,
   nbre_pass_tot_f FLOAT,
   nbre_hospit_corona_h FLOAT,
   nbre_hospit_corona_f FLOAT,
   nbre_acte_corona FLOAT,
   nbre_acte_tot FLOAT,
   nbre_acte_corona_h FLOAT,
   nbre_acte_corona_f FLOAT,
   nbre_acte_tot_h FLOAT,
   nbre_acte_tot_f FLOAT
);


-- Ajout des contraintes de clé étrangère
ALTER TABLE "Urgences" ADD CONSTRAINT Urgences_dep_fkey FOREIGN KEY (dep) REFERENCES "Departements"(num_dep);
ALTER TABLE "Urgences" ADD CONSTRAINT Urgences_age_fkey FOREIGN KEY (sursaud_cl_age_corona) REFERENCES "Ages"(Code_age);






















































-- -- Suppression des tables s'ils existent
-- DROP TABLE IF EXISTS "Urgence";
-- DROP TABLE IF EXISTS "Age";
-- DROP TABLE IF EXISTS "Departement";


-- -- -- Création des tables

-- CREATE TABLE "Departement"
-- (
--     num_dep VARCHAR(255) PRIMARY KEY,
--     dep_name VARCHAR(255),
--     region_name VARCHAR(255)
-- );

-- CREATE TABLE "Age"
-- (
--     Code_age integer PRIMARY KEY,
--     Agess VARCHAR(255)
-- );

-- -- -- CREATE TABLE "passage_urgence"
-- -- -- (
-- -- --    num_dep 
-- -- --    DATA
-- -- --    tranche_age
-- -- --    );

-- -- -- CREATE TABLE "hospitalisation"
-- -- --    num_dep
-- -- --    date
-- -- --    );


-- CREATE TABLE "Urgence"
-- (
--     dep VARCHAR(255),
--     date_de_passage date ,
--     sursaud_cl_age_corona integer , 
--     nbre_pass_corona FLOAT, 
--     nbre_pass_tot FLOAT, 
--     nbre_hospit_corona FLOAT,
--     nbre_pass_corona_h FLOAT, 
--     nbre_pass_corona_f FLOAT, 
--     nbre_pass_tot_h FLOAT, 
--     nbre_pass_tot_f FLOAT,
--     nbre_hospit_corona_h FLOAT, 
--     nbre_hospit_corona_f FLOAT, 
--     nbre_acte_corona FLOAT, 
--     nbre_acte_tot FLOAT,
--     nbre_acte_corona_h FLOAT, 
--     nbre_acte_corona_f FLOAT, 
--     nbre_acte_tot_h FLOAT, 
--     nbre_acte_tot_f FLOAT
-- );

-- -- -- Ajout des contraintes de clé étrangère
-- ALTER TABLE "Urgence" ADD CONSTRAINT Urgence_dep_fkey FOREIGN KEY (dep) REFERENCES "Departement"(num_dep);
-- ALTER TABLE "Urgence" ADD CONSTRAINT Urgence_age_fkey FOREIGN KEY (sursaud_cl_age_corona) REFERENCES "Age"(Code_age);

[2023-11-24T14:57:32.929+0000] {base.py:73} INFO - Using connection ID 'postgres_connexion' for task execution.
[2023-11-24T14:57:32.937+0000] {base.py:73} INFO - Using connection ID 'postgres_connexion' for task execution.
[2023-11-24T14:57:32.949+0000] {sql.py:418} INFO - Running statement: - Suppression des tables s'ils existent
DROP TABLE IF EXISTS "Urgences";
DROP TABLE IF EXISTS "Ages";
DROP TABLE IF EXISTS "Departements";


-- Création des tables


CREATE TABLE "Departements"
(
   num_dep integer PRIMARY KEY,
   dep_name VARCHAR(255),
   region_name VARCHAR(255)
);


CREATE TABLE "Ages"
(
   Code_age integer PRIMARY KEY,
   Agess VARCHAR(255)
);


CREATE TABLE "Urgences"
(
   dep integer,
   date_de_passage date ,
   sursaud_cl_age_corona integer ,
   nbre_pass_corona FLOAT,
   nbre_pass_tot FLOAT,
   nbre_hospit_corona FLOAT,
   nbre_pass_corona_h FLOAT,
   nbre_pass_corona_f FLOAT,
   nbre_pass_tot_h FLOAT,
   nbre_pass_tot_f FLOAT,
   nbre_hospit_corona_h FLOAT,
   nbre_hospit_corona_f FLOAT,
   nbre_acte_corona FLOAT,
   nbre_acte_tot FLOAT,
   nbre_acte_corona_h FLOAT,
   nbre_acte_corona_f FLOAT,
   nbre_acte_tot_h FLOAT,
   nbre_acte_tot_f FLOAT
);


-- Ajout des contraintes de clé étrangère
ALTER TABLE "Urgences" ADD CONSTRAINT Urgences_dep_fkey FOREIGN KEY (dep) REFERENCES "Departements"(num_dep);
ALTER TABLE "Urgences" ADD CONSTRAINT Urgences_age_fkey FOREIGN KEY (sursaud_cl_age_corona) REFERENCES "Ages"(Code_age);






















































-- -- Suppression des tables s'ils existent
-- DROP TABLE IF EXISTS "Urgence";
-- DROP TABLE IF EXISTS "Age";
-- DROP TABLE IF EXISTS "Departement";


-- -- -- Création des tables

-- CREATE TABLE "Departement"
-- (
--     num_dep VARCHAR(255) PRIMARY KEY,
--     dep_name VARCHAR(255),
--     region_name VARCHAR(255)
-- );

-- CREATE TABLE "Age"
-- (
--     Code_age integer PRIMARY KEY,
--     Agess VARCHAR(255)
-- );

-- -- -- CREATE TABLE "passage_urgence"
-- -- -- (
-- -- --    num_dep 
-- -- --    DATA
-- -- --    tranche_age
-- -- --    );

-- -- -- CREATE TABLE "hospitalisation"
-- -- --    num_dep
-- -- --    date
-- -- --    );


-- CREATE TABLE "Urgence"
-- (
--     dep VARCHAR(255),
--     date_de_passage date ,
--     sursaud_cl_age_corona integer , 
--     nbre_pass_corona FLOAT, 
--     nbre_pass_tot FLOAT, 
--     nbre_hospit_corona FLOAT,
--     nbre_pass_corona_h FLOAT, 
--     nbre_pass_corona_f FLOAT, 
--     nbre_pass_tot_h FLOAT, 
--     nbre_pass_tot_f FLOAT,
--     nbre_hospit_corona_h FLOAT, 
--     nbre_hospit_corona_f FLOAT, 
--     nbre_acte_corona FLOAT, 
--     nbre_acte_tot FLOAT,
--     nbre_acte_corona_h FLOAT, 
--     nbre_acte_corona_f FLOAT, 
--     nbre_acte_tot_h FLOAT, 
--     nbre_acte_tot_f FLOAT
-- );

-- -- -- Ajout des contraintes de clé étrangère
-- ALTER TABLE "Urgence" ADD CONSTRAINT Urgence_dep_fkey FOREIGN KEY (dep) REFERENCES "Departement"(num_dep);
-- ALTER TABLE "Urgence" ADD CONSTRAINT Urgence_age_fkey FOREIGN KEY (sursaud_cl_age_corona) REFERENCES "Age"(Code_age);
, parameters: None
[2023-11-24T14:57:32.952+0000] {taskinstance.py:1937} ERROR - Task failed with exception
Traceback (most recent call last):
  File "/home/airflow/.local/lib/python3.8/site-packages/airflow/providers/common/sql/operators/sql.py", line 280, in execute
    output = hook.run(
  File "/home/airflow/.local/lib/python3.8/site-packages/airflow/providers/common/sql/hooks/sql.py", line 392, in run
    self._run_command(cur, sql_statement, parameters)
  File "/home/airflow/.local/lib/python3.8/site-packages/airflow/providers/common/sql/hooks/sql.py", line 423, in _run_command
    cur.execute(sql_statement)
psycopg2.errors.SyntaxError: syntax error at or near "-"
LINE 1: - Suppression des tables s'ils existent
        ^

[2023-11-24T14:57:32.968+0000] {taskinstance.py:1400} INFO - Marking task as UP_FOR_RETRY. dag_id=Projet1, task_id=create_table, execution_date=20231124T145729, start_date=20231124T145732, end_date=20231124T145732
[2023-11-24T14:57:32.984+0000] {warnings.py:109} WARNING - /home/***/.local/lib/python3.8/site-packages/***/utils/email.py:154: RemovedInAirflow3Warning: Fetching SMTP credentials from configuration variables will be deprecated in a future release. Please set credentials using a connection instead.
  send_mime_email(e_from=mail_from, e_to=recipients, mime_msg=msg, conn_id=conn_id, dryrun=dryrun)

[2023-11-24T14:57:32.985+0000] {configuration.py:1068} WARNING - section/key [smtp/smtp_user] not found in config
[2023-11-24T14:57:32.986+0000] {email.py:270} INFO - Email alerting: attempt 1
[2023-11-24T14:57:32.994+0000] {configuration.py:1068} WARNING - section/key [smtp/smtp_user] not found in config
[2023-11-24T14:57:32.995+0000] {email.py:270} INFO - Email alerting: attempt 1
[2023-11-24T14:57:32.996+0000] {taskinstance.py:2007} ERROR - Failed to send email to: ['filali.dia18@gmail.com']
Traceback (most recent call last):
  File "/home/airflow/.local/lib/python3.8/site-packages/airflow/models/taskinstance.py", line 1518, in _run_raw_task
    self._execute_task_with_callbacks(context, test_mode, session=session)
  File "/home/airflow/.local/lib/python3.8/site-packages/airflow/models/taskinstance.py", line 1681, in _execute_task_with_callbacks
    result = self._execute_task(context, task_orig)
  File "/home/airflow/.local/lib/python3.8/site-packages/airflow/models/taskinstance.py", line 1744, in _execute_task
    result = execute_callable(context=context, **execute_callable_kwargs)
  File "/home/airflow/.local/lib/python3.8/site-packages/airflow/providers/common/sql/operators/sql.py", line 280, in execute
    output = hook.run(
  File "/home/airflow/.local/lib/python3.8/site-packages/airflow/providers/common/sql/hooks/sql.py", line 392, in run
    self._run_command(cur, sql_statement, parameters)
  File "/home/airflow/.local/lib/python3.8/site-packages/airflow/providers/common/sql/hooks/sql.py", line 423, in _run_command
    cur.execute(sql_statement)
psycopg2.errors.SyntaxError: syntax error at or near "-"
LINE 1: - Suppression des tables s'ils existent
        ^


During handling of the above exception, another exception occurred:

Traceback (most recent call last):
  File "/home/airflow/.local/lib/python3.8/site-packages/airflow/models/taskinstance.py", line 2420, in email_alert
    send_email(task.email, subject, html_content)
  File "/home/airflow/.local/lib/python3.8/site-packages/airflow/utils/email.py", line 80, in send_email
    return backend(
  File "/home/airflow/.local/lib/python3.8/site-packages/airflow/utils/email.py", line 154, in send_email_smtp
    send_mime_email(e_from=mail_from, e_to=recipients, mime_msg=msg, conn_id=conn_id, dryrun=dryrun)
  File "/home/airflow/.local/lib/python3.8/site-packages/airflow/utils/email.py", line 272, in send_mime_email
    smtp_conn = _get_smtp_connection(smtp_host, smtp_port, smtp_timeout, smtp_ssl)
  File "/home/airflow/.local/lib/python3.8/site-packages/airflow/utils/email.py", line 316, in _get_smtp_connection
    return smtplib.SMTP(host=host, port=port, timeout=timeout)
  File "/usr/local/lib/python3.8/smtplib.py", line 255, in __init__
    (code, msg) = self.connect(host, port)
  File "/usr/local/lib/python3.8/smtplib.py", line 339, in connect
    self.sock = self._get_socket(host, port, self.timeout)
  File "/usr/local/lib/python3.8/smtplib.py", line 310, in _get_socket
    return socket.create_connection((host, port), timeout,
  File "/usr/local/lib/python3.8/socket.py", line 808, in create_connection
    raise err
  File "/usr/local/lib/python3.8/socket.py", line 796, in create_connection
    sock.connect(sa)
OSError: [Errno 99] Cannot assign requested address

During handling of the above exception, another exception occurred:

Traceback (most recent call last):
  File "/home/airflow/.local/lib/python3.8/site-packages/airflow/models/taskinstance.py", line 2005, in handle_failure
    self.email_alert(error, task)
  File "/home/airflow/.local/lib/python3.8/site-packages/airflow/models/taskinstance.py", line 2422, in email_alert
    send_email(task.email, subject, html_content_err)
  File "/home/airflow/.local/lib/python3.8/site-packages/airflow/utils/email.py", line 80, in send_email
    return backend(
  File "/home/airflow/.local/lib/python3.8/site-packages/airflow/utils/email.py", line 154, in send_email_smtp
    send_mime_email(e_from=mail_from, e_to=recipients, mime_msg=msg, conn_id=conn_id, dryrun=dryrun)
  File "/home/airflow/.local/lib/python3.8/site-packages/airflow/utils/email.py", line 272, in send_mime_email
    smtp_conn = _get_smtp_connection(smtp_host, smtp_port, smtp_timeout, smtp_ssl)
  File "/home/airflow/.local/lib/python3.8/site-packages/airflow/utils/email.py", line 316, in _get_smtp_connection
    return smtplib.SMTP(host=host, port=port, timeout=timeout)
  File "/usr/local/lib/python3.8/smtplib.py", line 255, in __init__
    (code, msg) = self.connect(host, port)
  File "/usr/local/lib/python3.8/smtplib.py", line 339, in connect
    self.sock = self._get_socket(host, port, self.timeout)
  File "/usr/local/lib/python3.8/smtplib.py", line 310, in _get_socket
    return socket.create_connection((host, port), timeout,
  File "/usr/local/lib/python3.8/socket.py", line 808, in create_connection
    raise err
  File "/usr/local/lib/python3.8/socket.py", line 796, in create_connection
    sock.connect(sa)
OSError: [Errno 99] Cannot assign requested address
[2023-11-24T14:57:33.012+0000] {standard_task_runner.py:104} ERROR - Failed to execute job 909 for task create_table (syntax error at or near "-"
LINE 1: - Suppression des tables s'ils existent
        ^
; 198)
[2023-11-24T14:57:33.027+0000] {local_task_job_runner.py:228} INFO - Task exited with return code 1
[2023-11-24T14:57:33.053+0000] {taskinstance.py:2778} INFO - 0 downstream tasks scheduled from follow-on schedule check
