[2023-11-24T15:08:56.450+0000] {taskinstance.py:1159} INFO - Dependencies all met for dep_context=non-requeueable deps ti=<TaskInstance: Projet1.Extract manual__2023-11-24T15:08:40.917197+00:00 [queued]>
[2023-11-24T15:08:56.462+0000] {taskinstance.py:1159} INFO - Dependencies all met for dep_context=requeueable deps ti=<TaskInstance: Projet1.Extract manual__2023-11-24T15:08:40.917197+00:00 [queued]>
[2023-11-24T15:08:56.463+0000] {taskinstance.py:1361} INFO - Starting attempt 1 of 2
[2023-11-24T15:08:56.478+0000] {taskinstance.py:1382} INFO - Executing <Task(PythonOperator): Extract> on 2023-11-24 15:08:40.917197+00:00
[2023-11-24T15:08:56.485+0000] {standard_task_runner.py:57} INFO - Started process 433 to run task
[2023-11-24T15:08:56.489+0000] {standard_task_runner.py:84} INFO - Running: ['***', 'tasks', 'run', 'Projet1', 'Extract', 'manual__2023-11-24T15:08:40.917197+00:00', '--job-id', '926', '--raw', '--subdir', 'DAGS_FOLDER/Projet.py', '--cfg-path', '/tmp/tmprgd2ra2y']
[2023-11-24T15:08:56.490+0000] {standard_task_runner.py:85} INFO - Job 926: Subtask Extract
[2023-11-24T15:08:56.545+0000] {task_command.py:416} INFO - Running <TaskInstance: Projet1.Extract manual__2023-11-24T15:08:40.917197+00:00 [running]> on host b36ebcee5948
[2023-11-24T15:08:56.639+0000] {taskinstance.py:1662} INFO - Exporting env vars: AIRFLOW_CTX_DAG_EMAIL='filali.dia18@gmail.com' AIRFLOW_CTX_DAG_OWNER='***' AIRFLOW_CTX_DAG_ID='Projet1' AIRFLOW_CTX_TASK_ID='Extract' AIRFLOW_CTX_EXECUTION_DATE='2023-11-24T15:08:40.917197+00:00' AIRFLOW_CTX_TRY_NUMBER='1' AIRFLOW_CTX_DAG_RUN_ID='manual__2023-11-24T15:08:40.917197+00:00'
[2023-11-24T15:08:56.899+0000] {warnings.py:109} WARNING - /opt/***/dags/Projet.py:44: DtypeWarning: Columns (0) have mixed types. Specify dtype option on import or set low_memory=False.
  df_urgences = pd.read_csv(csv_file_path_urgences, delimiter=';')

[2023-11-24T15:08:57.251+0000] {logging_mixin.py:151} INFO - Index(['code_age', 'agess'], dtype='object')
[2023-11-24T15:08:57.266+0000] {base.py:73} INFO - Using connection ID 'postgres_connexion' for task execution.
[2023-11-24T15:08:57.322+0000] {base.py:73} INFO - Using connection ID 'postgres_connexion' for task execution.
[2023-11-24T15:08:57.358+0000] {base.py:73} INFO - Using connection ID 'postgres_connexion' for task execution.
[2023-11-24T15:08:57.860+0000] {logging_mixin.py:151} INFO - Une erreur s'est produite : (psycopg2.errors.ForeignKeyViolation) insert or update on table "Urgences" violates foreign key constraint "urgences_dep_fkey"
DETAIL:  Key (dep)=(1) is not present in table "Departements".

[SQL: INSERT INTO "Urgences" (dep, date_de_passage, sursaud_cl_age_corona, nbre_pass_corona, nbre_pass_tot, nbre_hospit_corona, nbre_pass_corona_h, nbre_pass_corona_f, nbre_pass_tot_h, nbre_pass_tot_f, nbre_hospit_corona_h, nbre_hospit_corona_f, nbre_acte_corona, nbre_acte_tot, nbre_acte_corona_h, nbre_acte_corona_f, nbre_acte_tot_h, nbre_acte_tot_f) VALUES (%(dep)s, %(date_de_passage)s, %(sursaud_cl_age_corona)s, %(nbre_pass_corona)s, %(nbre_pass_tot)s, %(nbre_hospit_corona)s, %(nbre_pass_corona_h)s, %(nbre_pass_corona_f)s, %(nbre_pass_tot_h)s, %(nbre_pass_tot_f)s, %(nbre_hospit_corona_h)s, %(nbre_hospit_corona_f)s, %(nbre_acte_corona)s, %(nbre_acte_tot)s, %(nbre_acte_corona_h)s, %(nbre_acte_corona_f)s, %(nbre_acte_tot_h)s, %(nbre_acte_tot_f)s)]
[parameters: ({'dep': '1', 'date_de_passage': datetime.datetime(2022, 12, 26, 0, 0), 'sursaud_cl_age_corona': 0, 'nbre_pass_corona': 9.0, 'nbre_pass_tot': 435.0, 'nbre_hospit_corona': 4.0, 'nbre_pass_corona_h': 6.0, 'nbre_pass_corona_f': 3.0, 'nbre_pass_tot_h': 219.0, 'nbre_pass_tot_f': 216.0, 'nbre_hospit_corona_h': 1.0, 'nbre_hospit_corona_f': 3.0, 'nbre_acte_corona': 0.0, 'nbre_acte_tot': 0.0, 'nbre_acte_corona_h': 0.0, 'nbre_acte_corona_f': 0.0, 'nbre_acte_tot_h': 0.0, 'nbre_acte_tot_f': 0.0}, {'dep': '1', 'date_de_passage': datetime.datetime(2022, 12, 26, 0, 0), 'sursaud_cl_age_corona': 1, 'nbre_pass_corona': 0.0, 'nbre_pass_tot': 58.0, 'nbre_hospit_corona': 0.0, 'nbre_pass_corona_h': 0.0, 'nbre_pass_corona_f': 0.0, 'nbre_pass_tot_h': 0.0, 'nbre_pass_tot_f': 0.0, 'nbre_hospit_corona_h': 0.0, 'nbre_hospit_corona_f': 0.0, 'nbre_acte_corona': 0.0, 'nbre_acte_tot': 0.0, 'nbre_acte_corona_h': 0.0, 'nbre_acte_corona_f': 0.0, 'nbre_acte_tot_h': 0.0, 'nbre_acte_tot_f': 0.0}, {'dep': '1', 'date_de_passage': datetime.datetime(2022, 12, 26, 0, 0), 'sursaud_cl_age_corona': 2, 'nbre_pass_corona': 0.0, 'nbre_pass_tot': 30.0, 'nbre_hospit_corona': 0.0, 'nbre_pass_corona_h': 0.0, 'nbre_pass_corona_f': 0.0, 'nbre_pass_tot_h': 0.0, 'nbre_pass_tot_f': 0.0, 'nbre_hospit_corona_h': 0.0, 'nbre_hospit_corona_f': 0.0, 'nbre_acte_corona': 0.0, 'nbre_acte_tot': 0.0, 'nbre_acte_corona_h': 0.0, 'nbre_acte_corona_f': 0.0, 'nbre_acte_tot_h': 0.0, 'nbre_acte_tot_f': 0.0}, {'dep': '1', 'date_de_passage': datetime.datetime(2022, 12, 26, 0, 0), 'sursaud_cl_age_corona': 3, 'nbre_pass_corona': 1.0, 'nbre_pass_tot': 138.0, 'nbre_hospit_corona': 0.0, 'nbre_pass_corona_h': 0.0, 'nbre_pass_corona_f': 0.0, 'nbre_pass_tot_h': 0.0, 'nbre_pass_tot_f': 0.0, 'nbre_hospit_corona_h': 0.0, 'nbre_hospit_corona_f': 0.0, 'nbre_acte_corona': 0.0, 'nbre_acte_tot': 0.0, 'nbre_acte_corona_h': 0.0, 'nbre_acte_corona_f': 0.0, 'nbre_acte_tot_h': 0.0, 'nbre_acte_tot_f': 0.0}, {'dep': '1', 'date_de_passage': datetime.datetime(2022, 12, 26, 0, 0), 'sursaud_cl_age_corona': 4, 'nbre_pass_corona': 1.0, 'nbre_pass_tot': 88.0, 'nbre_hospit_corona': 0.0, 'nbre_pass_corona_h': 0.0, 'nbre_pass_corona_f': 0.0, 'nbre_pass_tot_h': 0.0, 'nbre_pass_tot_f': 0.0, 'nbre_hospit_corona_h': 0.0, 'nbre_hospit_corona_f': 0.0, 'nbre_acte_corona': 0.0, 'nbre_acte_tot': 0.0, 'nbre_acte_corona_h': 0.0, 'nbre_acte_corona_f': 0.0, 'nbre_acte_tot_h': 0.0, 'nbre_acte_tot_f': 0.0}, {'dep': '1', 'date_de_passage': datetime.datetime(2022, 12, 26, 0, 0), 'sursaud_cl_age_corona': 5, 'nbre_pass_corona': 1.0, 'nbre_pass_tot': 45.0, 'nbre_hospit_corona': 0.0, 'nbre_pass_corona_h': 0.0, 'nbre_pass_corona_f': 0.0, 'nbre_pass_tot_h': 0.0, 'nbre_pass_tot_f': 0.0, 'nbre_hospit_corona_h': 0.0, 'nbre_hospit_corona_f': 0.0, 'nbre_acte_corona': 0.0, 'nbre_acte_tot': 0.0, 'nbre_acte_corona_h': 0.0, 'nbre_acte_corona_f': 0.0, 'nbre_acte_tot_h': 0.0, 'nbre_acte_tot_f': 0.0}, {'dep': '1', 'date_de_passage': datetime.datetime(2022, 12, 26, 0, 0), 'sursaud_cl_age_corona': 6, 'nbre_pass_corona': 6.0, 'nbre_pass_tot': 75.0, 'nbre_hospit_corona': 4.0, 'nbre_pass_corona_h': 0.0, 'nbre_pass_corona_f': 0.0, 'nbre_pass_tot_h': 0.0, 'nbre_pass_tot_f': 0.0, 'nbre_hospit_corona_h': 0.0, 'nbre_hospit_corona_f': 0.0, 'nbre_acte_corona': 0.0, 'nbre_acte_tot': 0.0, 'nbre_acte_corona_h': 0.0, 'nbre_acte_corona_f': 0.0, 'nbre_acte_tot_h': 0.0, 'nbre_acte_tot_f': 0.0}, {'dep': '1', 'date_de_passage': datetime.datetime(2022, 12, 27, 0, 0), 'sursaud_cl_age_corona': 0, 'nbre_pass_corona': 6.0, 'nbre_pass_tot': 452.0, 'nbre_hospit_corona': 4.0, 'nbre_pass_corona_h': 1.0, 'nbre_pass_corona_f': 5.0, 'nbre_pass_tot_h': 236.0, 'nbre_pass_tot_f': 216.0, 'nbre_hospit_corona_h': 0.0, 'nbre_hospit_corona_f': 4.0, 'nbre_acte_corona': 0.0, 'nbre_acte_tot': 0.0, 'nbre_acte_corona_h': 0.0, 'nbre_acte_corona_f': 0.0, 'nbre_acte_tot_h': 0.0, 'nbre_acte_tot_f': 0.0}  ... displaying 10 of 1000 total bound parameter sets ...  {'dep': '1', 'date_de_passage': datetime.datetime(2023, 5, 17, 0, 0), 'sursaud_cl_age_corona': 4, 'nbre_pass_corona': 3.0, 'nbre_pass_tot': 84.0, 'nbre_hospit_corona': 0.0, 'nbre_pass_corona_h': 0.0, 'nbre_pass_corona_f': 0.0, 'nbre_pass_tot_h': 0.0, 'nbre_pass_tot_f': 0.0, 'nbre_hospit_corona_h': 0.0, 'nbre_hospit_corona_f': 0.0, 'nbre_acte_corona': 0.0, 'nbre_acte_tot': 0.0, 'nbre_acte_corona_h': 0.0, 'nbre_acte_corona_f': 0.0, 'nbre_acte_tot_h': 0.0, 'nbre_acte_tot_f': 0.0}, {'dep': '1', 'date_de_passage': datetime.datetime(2023, 5, 17, 0, 0), 'sursaud_cl_age_corona': 5, 'nbre_pass_corona': 0.0, 'nbre_pass_tot': 40.0, 'nbre_hospit_corona': 0.0, 'nbre_pass_corona_h': 0.0, 'nbre_pass_corona_f': 0.0, 'nbre_pass_tot_h': 0.0, 'nbre_pass_tot_f': 0.0, 'nbre_hospit_corona_h': 0.0, 'nbre_hospit_corona_f': 0.0, 'nbre_acte_corona': 0.0, 'nbre_acte_tot': 0.0, 'nbre_acte_corona_h': 0.0, 'nbre_acte_corona_f': 0.0, 'nbre_acte_tot_h': 0.0, 'nbre_acte_tot_f': 0.0})]
(Background on this error at: https://sqlalche.me/e/14/gkpj)
[2023-11-24T15:08:57.863+0000] {taskinstance.py:1937} ERROR - Task failed with exception
Traceback (most recent call last):
  File "/home/airflow/.local/lib/python3.8/site-packages/airflow/operators/python.py", line 192, in execute
    return_value = self.execute_callable()
  File "/home/airflow/.local/lib/python3.8/site-packages/airflow/operators/python.py", line 209, in execute_callable
    return self.python_callable(*self.op_args, **self.op_kwargs)
  File "/opt/airflow/dags/Projet.py", line 210, in extract_data
    x = tables['dep']
UnboundLocalError: local variable 'tables' referenced before assignment
[2023-11-24T15:08:57.878+0000] {taskinstance.py:1400} INFO - Marking task as UP_FOR_RETRY. dag_id=Projet1, task_id=Extract, execution_date=20231124T150840, start_date=20231124T150856, end_date=20231124T150857
[2023-11-24T15:08:57.895+0000] {warnings.py:109} WARNING - /home/***/.local/lib/python3.8/site-packages/***/utils/email.py:154: RemovedInAirflow3Warning: Fetching SMTP credentials from configuration variables will be deprecated in a future release. Please set credentials using a connection instead.
  send_mime_email(e_from=mail_from, e_to=recipients, mime_msg=msg, conn_id=conn_id, dryrun=dryrun)

[2023-11-24T15:08:57.896+0000] {configuration.py:1068} WARNING - section/key [smtp/smtp_user] not found in config
[2023-11-24T15:08:57.897+0000] {email.py:270} INFO - Email alerting: attempt 1
[2023-11-24T15:08:57.905+0000] {configuration.py:1068} WARNING - section/key [smtp/smtp_user] not found in config
[2023-11-24T15:08:57.906+0000] {email.py:270} INFO - Email alerting: attempt 1
[2023-11-24T15:08:57.906+0000] {taskinstance.py:2007} ERROR - Failed to send email to: ['filali.dia18@gmail.com']
Traceback (most recent call last):
  File "/home/airflow/.local/lib/python3.8/site-packages/airflow/models/taskinstance.py", line 1518, in _run_raw_task
    self._execute_task_with_callbacks(context, test_mode, session=session)
  File "/home/airflow/.local/lib/python3.8/site-packages/airflow/models/taskinstance.py", line 1681, in _execute_task_with_callbacks
    result = self._execute_task(context, task_orig)
  File "/home/airflow/.local/lib/python3.8/site-packages/airflow/models/taskinstance.py", line 1744, in _execute_task
    result = execute_callable(context=context, **execute_callable_kwargs)
  File "/home/airflow/.local/lib/python3.8/site-packages/airflow/operators/python.py", line 192, in execute
    return_value = self.execute_callable()
  File "/home/airflow/.local/lib/python3.8/site-packages/airflow/operators/python.py", line 209, in execute_callable
    return self.python_callable(*self.op_args, **self.op_kwargs)
  File "/opt/airflow/dags/Projet.py", line 210, in extract_data
    x = tables['dep']
UnboundLocalError: local variable 'tables' referenced before assignment

During handling of the above exception, another exception occurred:

Traceback (most recent call last):
  File "/home/airflow/.local/lib/python3.8/site-packages/airflow/models/taskinstance.py", line 2420, in email_alert
    send_email(task.email, subject, html_content)
  File "/home/airflow/.local/lib/python3.8/site-packages/airflow/utils/email.py", line 80, in send_email
    return backend(
  File "/home/airflow/.local/lib/python3.8/site-packages/airflow/utils/email.py", line 154, in send_email_smtp
    send_mime_email(e_from=mail_from, e_to=recipients, mime_msg=msg, conn_id=conn_id, dryrun=dryrun)
  File "/home/airflow/.local/lib/python3.8/site-packages/airflow/utils/email.py", line 272, in send_mime_email
    smtp_conn = _get_smtp_connection(smtp_host, smtp_port, smtp_timeout, smtp_ssl)
  File "/home/airflow/.local/lib/python3.8/site-packages/airflow/utils/email.py", line 316, in _get_smtp_connection
    return smtplib.SMTP(host=host, port=port, timeout=timeout)
  File "/usr/local/lib/python3.8/smtplib.py", line 255, in __init__
    (code, msg) = self.connect(host, port)
  File "/usr/local/lib/python3.8/smtplib.py", line 339, in connect
    self.sock = self._get_socket(host, port, self.timeout)
  File "/usr/local/lib/python3.8/smtplib.py", line 310, in _get_socket
    return socket.create_connection((host, port), timeout,
  File "/usr/local/lib/python3.8/socket.py", line 808, in create_connection
    raise err
  File "/usr/local/lib/python3.8/socket.py", line 796, in create_connection
    sock.connect(sa)
OSError: [Errno 99] Cannot assign requested address

During handling of the above exception, another exception occurred:

Traceback (most recent call last):
  File "/home/airflow/.local/lib/python3.8/site-packages/airflow/models/taskinstance.py", line 2005, in handle_failure
    self.email_alert(error, task)
  File "/home/airflow/.local/lib/python3.8/site-packages/airflow/models/taskinstance.py", line 2422, in email_alert
    send_email(task.email, subject, html_content_err)
  File "/home/airflow/.local/lib/python3.8/site-packages/airflow/utils/email.py", line 80, in send_email
    return backend(
  File "/home/airflow/.local/lib/python3.8/site-packages/airflow/utils/email.py", line 154, in send_email_smtp
    send_mime_email(e_from=mail_from, e_to=recipients, mime_msg=msg, conn_id=conn_id, dryrun=dryrun)
  File "/home/airflow/.local/lib/python3.8/site-packages/airflow/utils/email.py", line 272, in send_mime_email
    smtp_conn = _get_smtp_connection(smtp_host, smtp_port, smtp_timeout, smtp_ssl)
  File "/home/airflow/.local/lib/python3.8/site-packages/airflow/utils/email.py", line 316, in _get_smtp_connection
    return smtplib.SMTP(host=host, port=port, timeout=timeout)
  File "/usr/local/lib/python3.8/smtplib.py", line 255, in __init__
    (code, msg) = self.connect(host, port)
  File "/usr/local/lib/python3.8/smtplib.py", line 339, in connect
    self.sock = self._get_socket(host, port, self.timeout)
  File "/usr/local/lib/python3.8/smtplib.py", line 310, in _get_socket
    return socket.create_connection((host, port), timeout,
  File "/usr/local/lib/python3.8/socket.py", line 808, in create_connection
    raise err
  File "/usr/local/lib/python3.8/socket.py", line 796, in create_connection
    sock.connect(sa)
OSError: [Errno 99] Cannot assign requested address
[2023-11-24T15:08:57.929+0000] {standard_task_runner.py:104} ERROR - Failed to execute job 926 for task Extract (local variable 'tables' referenced before assignment; 433)
[2023-11-24T15:08:57.969+0000] {local_task_job_runner.py:228} INFO - Task exited with return code 1
[2023-11-24T15:08:58.000+0000] {taskinstance.py:2778} INFO - 0 downstream tasks scheduled from follow-on schedule check
