[2023-11-15T16:46:45.965+0000] {taskinstance.py:1159} INFO - Dependencies all met for dep_context=non-requeueable deps ti=<TaskInstance: Projet1.Extract manual__2023-11-15T16:46:43.551059+00:00 [queued]>
[2023-11-15T16:46:45.974+0000] {taskinstance.py:1159} INFO - Dependencies all met for dep_context=requeueable deps ti=<TaskInstance: Projet1.Extract manual__2023-11-15T16:46:43.551059+00:00 [queued]>
[2023-11-15T16:46:45.975+0000] {taskinstance.py:1361} INFO - Starting attempt 1 of 1
[2023-11-15T16:46:45.988+0000] {taskinstance.py:1382} INFO - Executing <Task(PythonOperator): Extract> on 2023-11-15 16:46:43.551059+00:00
[2023-11-15T16:46:45.996+0000] {standard_task_runner.py:57} INFO - Started process 54123 to run task
[2023-11-15T16:46:46.000+0000] {standard_task_runner.py:84} INFO - Running: ['***', 'tasks', 'run', 'Projet1', 'Extract', 'manual__2023-11-15T16:46:43.551059+00:00', '--job-id', '191', '--raw', '--subdir', 'DAGS_FOLDER/Projet.py', '--cfg-path', '/tmp/tmphmc5t2yk']
[2023-11-15T16:46:46.002+0000] {standard_task_runner.py:85} INFO - Job 191: Subtask Extract
[2023-11-15T16:46:46.068+0000] {task_command.py:416} INFO - Running <TaskInstance: Projet1.Extract manual__2023-11-15T16:46:43.551059+00:00 [running]> on host fb26c01043df
[2023-11-15T16:46:46.162+0000] {taskinstance.py:1662} INFO - Exporting env vars: AIRFLOW_CTX_DAG_OWNER='***' AIRFLOW_CTX_DAG_ID='Projet1' AIRFLOW_CTX_TASK_ID='Extract' AIRFLOW_CTX_EXECUTION_DATE='2023-11-15T16:46:43.551059+00:00' AIRFLOW_CTX_TRY_NUMBER='1' AIRFLOW_CTX_DAG_RUN_ID='manual__2023-11-15T16:46:43.551059+00:00'
[2023-11-15T16:46:46.623+0000] {logging_mixin.py:151} INFO -   Code tranches d'age             Age
0                   0       tous âges
1                   1         0-4 ans
2                   2        5-14 ans
3                   3       15-44 ans
4                   4       45-64 ans
5                   5       65-74 ans
6                   6  75 ans ou plus
[2023-11-15T16:46:46.918+0000] {logging_mixin.py:151} INFO - khchkfchjbmklhnùlkhl===================
[2023-11-15T16:46:46.919+0000] {taskinstance.py:1937} ERROR - Task failed with exception
Traceback (most recent call last):
  File "/home/airflow/.local/lib/python3.8/site-packages/pandas/core/indexes/base.py", line 3653, in get_loc
    return self._engine.get_loc(casted_key)
  File "pandas/_libs/index.pyx", line 147, in pandas._libs.index.IndexEngine.get_loc
  File "pandas/_libs/index.pyx", line 176, in pandas._libs.index.IndexEngine.get_loc
  File "pandas/_libs/hashtable_class_helper.pxi", line 7080, in pandas._libs.hashtable.PyObjectHashTable.get_item
  File "pandas/_libs/hashtable_class_helper.pxi", line 7088, in pandas._libs.hashtable.PyObjectHashTable.get_item
KeyError: 2

The above exception was the direct cause of the following exception:

Traceback (most recent call last):
  File "/home/airflow/.local/lib/python3.8/site-packages/airflow/operators/python.py", line 192, in execute
    return_value = self.execute_callable()
  File "/home/airflow/.local/lib/python3.8/site-packages/airflow/operators/python.py", line 209, in execute_callable
    return self.python_callable(*self.op_args, **self.op_kwargs)
  File "/opt/airflow/dags/Projet.py", line 34, in extract_data
    print(df_urgences[2])
  File "/home/airflow/.local/lib/python3.8/site-packages/pandas/core/frame.py", line 3761, in __getitem__
    indexer = self.columns.get_loc(key)
  File "/home/airflow/.local/lib/python3.8/site-packages/pandas/core/indexes/base.py", line 3655, in get_loc
    raise KeyError(key) from err
KeyError: 2
[2023-11-15T16:46:46.936+0000] {taskinstance.py:1400} INFO - Marking task as FAILED. dag_id=Projet1, task_id=Extract, execution_date=20231115T164643, start_date=20231115T164645, end_date=20231115T164646
[2023-11-15T16:46:46.949+0000] {standard_task_runner.py:104} ERROR - Failed to execute job 191 for task Extract (2; 54123)
[2023-11-15T16:46:46.977+0000] {local_task_job_runner.py:228} INFO - Task exited with return code 1
[2023-11-15T16:46:47.005+0000] {taskinstance.py:2778} INFO - 0 downstream tasks scheduled from follow-on schedule check
