[2023-11-23T11:15:20.371+0000] {taskinstance.py:1159} INFO - Dependencies all met for dep_context=non-requeueable deps ti=<TaskInstance: Projet1.Extract manual__2023-11-23T11:15:15.933720+00:00 [queued]>
[2023-11-23T11:15:20.381+0000] {taskinstance.py:1159} INFO - Dependencies all met for dep_context=requeueable deps ti=<TaskInstance: Projet1.Extract manual__2023-11-23T11:15:15.933720+00:00 [queued]>
[2023-11-23T11:15:20.381+0000] {taskinstance.py:1361} INFO - Starting attempt 1 of 1
[2023-11-23T11:15:20.396+0000] {taskinstance.py:1382} INFO - Executing <Task(PythonOperator): Extract> on 2023-11-23 11:15:15.933720+00:00
[2023-11-23T11:15:20.401+0000] {standard_task_runner.py:57} INFO - Started process 1850 to run task
[2023-11-23T11:15:20.405+0000] {standard_task_runner.py:84} INFO - Running: ['***', 'tasks', 'run', 'Projet1', 'Extract', 'manual__2023-11-23T11:15:15.933720+00:00', '--job-id', '520', '--raw', '--subdir', 'DAGS_FOLDER/Projet.py', '--cfg-path', '/tmp/tmprh009h_f']
[2023-11-23T11:15:20.406+0000] {standard_task_runner.py:85} INFO - Job 520: Subtask Extract
[2023-11-23T11:15:20.456+0000] {task_command.py:416} INFO - Running <TaskInstance: Projet1.Extract manual__2023-11-23T11:15:15.933720+00:00 [running]> on host b36ebcee5948
[2023-11-23T11:15:20.554+0000] {taskinstance.py:1662} INFO - Exporting env vars: AIRFLOW_CTX_DAG_OWNER='***' AIRFLOW_CTX_DAG_ID='Projet1' AIRFLOW_CTX_TASK_ID='Extract' AIRFLOW_CTX_EXECUTION_DATE='2023-11-23T11:15:15.933720+00:00' AIRFLOW_CTX_TRY_NUMBER='1' AIRFLOW_CTX_DAG_RUN_ID='manual__2023-11-23T11:15:15.933720+00:00'
[2023-11-23T11:15:20.816+0000] {warnings.py:109} WARNING - /opt/***/dags/Projet.py:17: DtypeWarning: Columns (0) have mixed types. Specify dtype option on import or set low_memory=False.
  df_urgences = pd.read_csv(csv_file_path_urgences,  delimiter=';' )

[2023-11-23T11:15:21.167+0000] {logging_mixin.py:151} INFO - 101
[2023-11-23T11:15:21.169+0000] {logging_mixin.py:151} INFO - 99
[2023-11-23T11:15:21.172+0000] {logging_mixin.py:151} INFO - Index(['Code tranches d'age', 'Age'], dtype='object')
[2023-11-23T11:15:21.173+0000] {logging_mixin.py:151} INFO - Index(['code_age', 'Age'], dtype='object')
[2023-11-23T11:15:21.174+0000] {logging_mixin.py:151} INFO - zmmmmmmarr 
[2023-11-23T11:15:21.191+0000] {base.py:73} INFO - Using connection ID 'postgres_connexion' for task execution.
[2023-11-23T11:15:21.237+0000] {base.py:73} INFO - Using connection ID 'postgres_connexion' for task execution.
[2023-11-23T11:15:21.257+0000] {taskinstance.py:1937} ERROR - Task failed with exception
Traceback (most recent call last):
  File "/home/airflow/.local/lib/python3.8/site-packages/sqlalchemy/engine/base.py", line 1890, in _execute_context
    self.dialect.do_executemany(
  File "/home/airflow/.local/lib/python3.8/site-packages/sqlalchemy/dialects/postgresql/psycopg2.py", line 982, in do_executemany
    context._psycopg2_fetched_rows = xtras.execute_values(
  File "/home/airflow/.local/lib/python3.8/site-packages/psycopg2/extras.py", line 1299, in execute_values
    cur.execute(b''.join(parts))
psycopg2.errors.UndefinedColumn: column "Age" of relation "Age" does not exist
LINE 1: INSERT INTO "Age" (code_age, "Age") VALUES (0, ' tous âges')...
                                     ^


The above exception was the direct cause of the following exception:

Traceback (most recent call last):
  File "/home/airflow/.local/lib/python3.8/site-packages/airflow/operators/python.py", line 192, in execute
    return_value = self.execute_callable()
  File "/home/airflow/.local/lib/python3.8/site-packages/airflow/operators/python.py", line 209, in execute_callable
    return self.python_callable(*self.op_args, **self.op_kwargs)
  File "/opt/airflow/dags/Projet.py", line 111, in extract_data
    df_age.to_sql('Age', postgres_sql_upload.get_sqlalchemy_engine(), if_exists='append', chunksize=1000, index=False)
  File "/home/airflow/.local/lib/python3.8/site-packages/pandas/core/generic.py", line 2878, in to_sql
    return sql.to_sql(
  File "/home/airflow/.local/lib/python3.8/site-packages/pandas/io/sql.py", line 769, in to_sql
    return pandas_sql.to_sql(
  File "/home/airflow/.local/lib/python3.8/site-packages/pandas/io/sql.py", line 1920, in to_sql
    total_inserted = sql_engine.insert_records(
  File "/home/airflow/.local/lib/python3.8/site-packages/pandas/io/sql.py", line 1470, in insert_records
    raise err
  File "/home/airflow/.local/lib/python3.8/site-packages/pandas/io/sql.py", line 1461, in insert_records
    return table.insert(chunksize=chunksize, method=method)
  File "/home/airflow/.local/lib/python3.8/site-packages/pandas/io/sql.py", line 1023, in insert
    num_inserted = exec_insert(conn, keys, chunk_iter)
  File "/home/airflow/.local/lib/python3.8/site-packages/pandas/io/sql.py", line 929, in _execute_insert
    result = conn.execute(self.table.insert(), data)
  File "/home/airflow/.local/lib/python3.8/site-packages/sqlalchemy/engine/base.py", line 1385, in execute
    return meth(self, multiparams, params, _EMPTY_EXECUTION_OPTS)
  File "/home/airflow/.local/lib/python3.8/site-packages/sqlalchemy/sql/elements.py", line 334, in _execute_on_connection
    return connection._execute_clauseelement(
  File "/home/airflow/.local/lib/python3.8/site-packages/sqlalchemy/engine/base.py", line 1577, in _execute_clauseelement
    ret = self._execute_context(
  File "/home/airflow/.local/lib/python3.8/site-packages/sqlalchemy/engine/base.py", line 1953, in _execute_context
    self._handle_dbapi_exception(
  File "/home/airflow/.local/lib/python3.8/site-packages/sqlalchemy/engine/base.py", line 2134, in _handle_dbapi_exception
    util.raise_(
  File "/home/airflow/.local/lib/python3.8/site-packages/sqlalchemy/util/compat.py", line 211, in raise_
    raise exception
  File "/home/airflow/.local/lib/python3.8/site-packages/sqlalchemy/engine/base.py", line 1890, in _execute_context
    self.dialect.do_executemany(
  File "/home/airflow/.local/lib/python3.8/site-packages/sqlalchemy/dialects/postgresql/psycopg2.py", line 982, in do_executemany
    context._psycopg2_fetched_rows = xtras.execute_values(
  File "/home/airflow/.local/lib/python3.8/site-packages/psycopg2/extras.py", line 1299, in execute_values
    cur.execute(b''.join(parts))
sqlalchemy.exc.ProgrammingError: (psycopg2.errors.UndefinedColumn) column "Age" of relation "Age" does not exist
LINE 1: INSERT INTO "Age" (code_age, "Age") VALUES (0, ' tous âges')...
                                     ^

[SQL: INSERT INTO "Age" (code_age, "Age") VALUES (%(code_age)s, %(Age)s)]
[parameters: ({'code_age': 0, 'Age': ' tous âges'}, {'code_age': 1, 'Age': '0-4 ans'}, {'code_age': 2, 'Age': '5-14 ans'}, {'code_age': 3, 'Age': '15-44 ans'}, {'code_age': 4, 'Age': '45-64 ans'}, {'code_age': 5, 'Age': '65-74 ans'}, {'code_age': 6, 'Age': '75 ans ou plus'})]
(Background on this error at: https://sqlalche.me/e/14/f405)
[2023-11-23T11:15:21.270+0000] {taskinstance.py:1400} INFO - Marking task as FAILED. dag_id=Projet1, task_id=Extract, execution_date=20231123T111515, start_date=20231123T111520, end_date=20231123T111521
[2023-11-23T11:15:21.289+0000] {standard_task_runner.py:104} ERROR - Failed to execute job 520 for task Extract ((psycopg2.errors.UndefinedColumn) column "Age" of relation "Age" does not exist
LINE 1: INSERT INTO "Age" (code_age, "Age") VALUES (0, ' tous âges')...
                                     ^

[SQL: INSERT INTO "Age" (code_age, "Age") VALUES (%(code_age)s, %(Age)s)]
[parameters: ({'code_age': 0, 'Age': ' tous âges'}, {'code_age': 1, 'Age': '0-4 ans'}, {'code_age': 2, 'Age': '5-14 ans'}, {'code_age': 3, 'Age': '15-44 ans'}, {'code_age': 4, 'Age': '45-64 ans'}, {'code_age': 5, 'Age': '65-74 ans'}, {'code_age': 6, 'Age': '75 ans ou plus'})]
(Background on this error at: https://sqlalche.me/e/14/f405); 1850)
[2023-11-23T11:15:21.303+0000] {local_task_job_runner.py:228} INFO - Task exited with return code 1
[2023-11-23T11:15:21.320+0000] {taskinstance.py:2778} INFO - 0 downstream tasks scheduled from follow-on schedule check
