[2023-11-12T22:00:54.661+0000] {taskinstance.py:1159} INFO - Dependencies all met for dep_context=non-requeueable deps ti=<TaskInstance: Projet1.Extract manual__2023-11-12T22:00:52.854811+00:00 [queued]>
[2023-11-12T22:00:54.670+0000] {taskinstance.py:1159} INFO - Dependencies all met for dep_context=requeueable deps ti=<TaskInstance: Projet1.Extract manual__2023-11-12T22:00:52.854811+00:00 [queued]>
[2023-11-12T22:00:54.671+0000] {taskinstance.py:1361} INFO - Starting attempt 1 of 1
[2023-11-12T22:00:54.686+0000] {taskinstance.py:1382} INFO - Executing <Task(PythonOperator): Extract> on 2023-11-12 22:00:52.854811+00:00
[2023-11-12T22:00:54.693+0000] {standard_task_runner.py:57} INFO - Started process 33840 to run task
[2023-11-12T22:00:54.697+0000] {standard_task_runner.py:84} INFO - Running: ['***', 'tasks', 'run', 'Projet1', 'Extract', 'manual__2023-11-12T22:00:52.854811+00:00', '--job-id', '157', '--raw', '--subdir', 'DAGS_FOLDER/Projet.py', '--cfg-path', '/tmp/tmpag6jmd65']
[2023-11-12T22:00:54.698+0000] {standard_task_runner.py:85} INFO - Job 157: Subtask Extract
[2023-11-12T22:00:54.752+0000] {task_command.py:416} INFO - Running <TaskInstance: Projet1.Extract manual__2023-11-12T22:00:52.854811+00:00 [running]> on host fb26c01043df
[2023-11-12T22:00:54.872+0000] {taskinstance.py:1662} INFO - Exporting env vars: AIRFLOW_CTX_DAG_OWNER='***' AIRFLOW_CTX_DAG_ID='Projet1' AIRFLOW_CTX_TASK_ID='Extract' AIRFLOW_CTX_EXECUTION_DATE='2023-11-12T22:00:52.854811+00:00' AIRFLOW_CTX_TRY_NUMBER='1' AIRFLOW_CTX_DAG_RUN_ID='manual__2023-11-12T22:00:52.854811+00:00'
[2023-11-12T22:00:55.123+0000] {logging_mixin.py:151} INFO -        dep;date_de_passage;sursaud_cl_age_corona;nbre_pass_corona;nbre_pass_tot;nbre_hospit_corona;nbre_pass_corona_h;nbre_pass_corona_f;nbre_pass_tot_h;nbre_pass_tot_f;nbre_hospit_corona_h;nbre_hospit_corona_f;nbre_acte_corona;nbre_acte_tot;nbre_acte_corona_h;nbre_acte_corona_f;nbre_acte_tot_h;nbre_acte_tot_f
0           01;2022-12-26;0;9;435;4;6;3;219;216;1;3;;;;;;                                                                                                                                                                                                                                                              
1                      01;2022-12-26;1;0;58;0;;;;;;;;;;;;                                                                                                                                                                                                                                                              
2                      01;2022-12-26;2;0;30;0;;;;;;;;;;;;                                                                                                                                                                                                                                                              
3                     01;2022-12-26;3;1;138;0;;;;;;;;;;;;                                                                                                                                                                                                                                                              
4                      01;2022-12-26;4;1;88;0;;;;;;;;;;;;                                                                                                                                                                                                                                                              
...                                                   ...                                                                                                                                                                                                                                                              
214216                 976;2023-10-24;2;0;4;0;;;;;;;;;;;;                                                                                                                                                                                                                                                              
214217                976;2023-10-24;3;0;22;0;;;;;;;;;;;;                                                                                                                                                                                                                                                              
214218                 976;2023-10-24;4;0;6;0;;;;;;;;;;;;                                                                                                                                                                                                                                                              
214219                 976;2023-10-24;5;0;1;0;;;;;;;;;;;;                                                                                                                                                                                                                                                              
214220                    976;2023-10-24;6;;;;;;;;;;;;;;;                                                                                                                                                                                                                                                              

[214221 rows x 1 columns]
[2023-11-12T22:00:55.127+0000] {taskinstance.py:1937} ERROR - Task failed with exception
Traceback (most recent call last):
  File "/home/airflow/.local/lib/python3.8/site-packages/pandas/core/indexes/base.py", line 3653, in get_loc
    return self._engine.get_loc(casted_key)
  File "pandas/_libs/index.pyx", line 147, in pandas._libs.index.IndexEngine.get_loc
  File "pandas/_libs/index.pyx", line 176, in pandas._libs.index.IndexEngine.get_loc
  File "pandas/_libs/hashtable_class_helper.pxi", line 7080, in pandas._libs.hashtable.PyObjectHashTable.get_item
  File "pandas/_libs/hashtable_class_helper.pxi", line 7088, in pandas._libs.hashtable.PyObjectHashTable.get_item
KeyError: 'id_tranche_age'

The above exception was the direct cause of the following exception:

Traceback (most recent call last):
  File "/home/airflow/.local/lib/python3.8/site-packages/airflow/operators/python.py", line 192, in execute
    return_value = self.execute_callable()
  File "/home/airflow/.local/lib/python3.8/site-packages/airflow/operators/python.py", line 209, in execute_callable
    return self.python_callable(*self.op_args, **self.op_kwargs)
  File "/opt/airflow/dags/Projet.py", line 20, in extract_data
    df_age = df_age["Code tranches d'age"]= df_age["id_tranche_age"]
  File "/home/airflow/.local/lib/python3.8/site-packages/pandas/core/frame.py", line 3761, in __getitem__
    indexer = self.columns.get_loc(key)
  File "/home/airflow/.local/lib/python3.8/site-packages/pandas/core/indexes/base.py", line 3655, in get_loc
    raise KeyError(key) from err
KeyError: 'id_tranche_age'
[2023-11-12T22:00:55.146+0000] {taskinstance.py:1400} INFO - Marking task as FAILED. dag_id=Projet1, task_id=Extract, execution_date=20231112T220052, start_date=20231112T220054, end_date=20231112T220055
[2023-11-12T22:00:55.159+0000] {standard_task_runner.py:104} ERROR - Failed to execute job 157 for task Extract ('id_tranche_age'; 33840)
[2023-11-12T22:00:55.192+0000] {local_task_job_runner.py:228} INFO - Task exited with return code 1
[2023-11-12T22:00:55.215+0000] {taskinstance.py:2778} INFO - 0 downstream tasks scheduled from follow-on schedule check
